<?xml version="1.0" encoding="UTF-8"?>
<!-- Generated by org.testng.reporters.JUnitXMLReporter -->
<testsuite ignored="2" hostname="UNVII" failures="0" tests="1" name="Default test" time="42.135" errors="0" timestamp="2025-08-11T13:28:02 IST">
  <testcase classname="Appium.Appium.Testcase2" name="LoginWithphoneNo" time="22.535"/>
  <testcase classname="Appium.Appium.Testcase2" name="login" time="0.0">
    <ignored/>
  </testcase> <!-- login -->
  <testcase classname="Appium.Appium.Testcase2" name="clickonType" time="0.0">
    <ignored/>
  </testcase> <!-- clickonType -->
</testsuite> <!-- Default test -->
