<?xml version="1.0" encoding="UTF-8"?>
<!-- Generated by org.testng.reporters.JUnitXMLReporter -->
<testsuite ignored="5" hostname="UNVII" failures="0" tests="1" name="Default test" time="39.475" errors="0" timestamp="2025-08-11T15:05:02 IST">
  <testcase classname="Appium.Appium.Testcase2" name="verifywrongemailid" time="21.919"/>
  <testcase classname="Appium.Appium.Testcase2" name="LoginWithphoneNo" time="0.0">
    <ignored/>
  </testcase> <!-- LoginWithphoneNo -->
  <testcase classname="Appium.Appium.Testcase2" name="wrongPhoneNumeber" time="0.0">
    <ignored/>
  </testcase> <!-- wrongPhoneNumeber -->
  <testcase classname="Appium.Appium.Testcase2" name="login" time="0.0">
    <ignored/>
  </testcase> <!-- login -->
  <testcase classname="Appium.Appium.Testcase2" name="clickonType" time="0.0">
    <ignored/>
  </testcase> <!-- clickonType -->
  <testcase classname="Appium.Appium.Testcase2" name="loginwithEmail" time="0.0">
    <ignored/>
  </testcase> <!-- loginwithEmail -->
</testsuite> <!-- Default test -->
