<?xml version="1.0" encoding="UTF-8"?>
<!-- Generated by org.testng.reporters.JUnitXMLReporter -->
<testsuite ignored="9" hostname="UNVII" failures="0" tests="1" name="Login inside the stuff" time="37.94" errors="0" timestamp="2025-08-13T17:57:44 IST">
  <testcase classname="Appium.Appium.Login" name="loginInStuff" time="21.641"/>
  <testcase classname="Appium.Appium.Login" name="login" time="0.0">
    <ignored/>
  </testcase> <!-- login -->
  <testcase classname="Appium.Appium.Login" name="LoginWithphoneNo" time="0.0">
    <ignored/>
  </testcase> <!-- LoginWithphoneNo -->
  <testcase classname="Appium.Appium.Login" name="loginInsearchBox" time="0.0">
    <ignored/>
  </testcase> <!-- loginInsearchBox -->
  <testcase classname="Appium.Appium.Login" name="Mystuff" time="0.0">
    <ignored/>
  </testcase> <!-- Mystuff -->
  <testcase classname="Appium.Appium.Login" name="loginwithEmail" time="0.0">
    <ignored/>
  </testcase> <!-- loginwithEmail -->
  <testcase classname="Appium.Appium.Login" name="verifywrongemailid" time="0.0">
    <ignored/>
  </testcase> <!-- verifywrongemailid -->
  <testcase classname="Appium.Appium.Login" name="clickonType" time="0.0">
    <ignored/>
  </testcase> <!-- clickonType -->
  <testcase classname="Appium.Appium.Login" name="wrongPhoneNumber" time="0.0">
    <ignored/>
  </testcase> <!-- wrongPhoneNumber -->
  <testcase classname="Appium.Appium.Login" name="loginwithrealtedvideo" time="0.0">
    <ignored/>
  </testcase> <!-- loginwithrealtedvideo -->
</testsuite> <!-- Login inside the stuff -->
