<?xml version="1.0" encoding="UTF-8"?>
<!-- Generated by org.testng.reporters.JUnitXMLReporter -->
<testsuite ignored="9" hostname="UNVII" failures="1" tests="1" name="Login with mail" time="41.263" errors="0" timestamp="2025-08-13T17:56:31 IST">
  <testcase classname="Appium.Appium.Login" name="loginwithEmail" time="24.695">
    <failure type="org.openqa.selenium.StaleElementReferenceException" message="The element &amp;apos;By.xpath: //android.widget.ScrollView&amp;apos; does not exist in DOM anymore
For documentation on this error, please visit: https://www.selenium.dev/documentation/webdriver/troubleshooting/errors#stale-element-reference-exception
Build info: version: &amp;apos;4.11.0&amp;apos;, revision: &amp;apos;040bc5406b&amp;apos;
System info: os.name: &amp;apos;Windows 11&amp;apos;, os.arch: &amp;apos;amd64&amp;apos;, os.version: &amp;apos;10.0&amp;apos;, java.version: &amp;apos;22.0.2&amp;apos;
Driver info: io.appium.java_client.android.AndroidDriver
Command: [b4898533-2273-45db-87ac-cfb2dae89f21, isElementDisplayed {id=00000000-0000-0a63-0000-008d00000003}]
Capabilities {appium:appActivity: com.FourSidesTV.ott.MainAct..., appium:appPackage: com.FourSidesTV.ott, appium:automationName: Uiautomator2, appium:databaseEnabled: false, appium:desired: {appActivity: com.FourSidesTV.ott.MainAct..., appPackage: com.FourSidesTV.ott, automationName: Uiautomator2, deviceName: Xiaomi 23028RN4DI API 33, platformName: ANDROID}, appium:deviceApiLevel: 33, appium:deviceManufacturer: Xiaomi, appium:deviceModel: 23028RN4DI, appium:deviceName: GQOR558XEMTOA6T8, appium:deviceScreenDensity: 320, appium:deviceScreenSize: 720x1600, appium:deviceUDID: GQOR558XEMTOA6T8, appium:javascriptEnabled: true, appium:locationContextEnabled: false, appium:networkConnectionEnabled: true, appium:pixelRatio: 2, appium:platformVersion: 13, appium:statBarHeight: 50, appium:takesScreenshot: true, appium:viewportRect: {height: 1550, left: 0, top: 50, width: 720}, appium:warnings: {}, appium:webStorageEnabled: false, platformName: ANDROID}
Element: [[AndroidDriver:  on ANDROID (b4898533-2273-45db-87ac-cfb2dae89f21)] -&amp;gt; xpath: //android.widget.ScrollView]
Session ID: b4898533-2273-45db-87ac-cfb2dae89f21">
      <![CDATA[org.openqa.selenium.StaleElementReferenceException: The element 'By.xpath: //android.widget.ScrollView' does not exist in DOM anymore
For documentation on this error, please visit: https://www.selenium.dev/documentation/webdriver/troubleshooting/errors#stale-element-reference-exception
Build info: version: '4.11.0', revision: '040bc5406b'
System info: os.name: 'Windows 11', os.arch: 'amd64', os.version: '10.0', java.version: '22.0.2'
Driver info: io.appium.java_client.android.AndroidDriver
Command: [b4898533-2273-45db-87ac-cfb2dae89f21, isElementDisplayed {id=00000000-0000-0a63-0000-008d00000003}]
Capabilities {appium:appActivity: com.FourSidesTV.ott.MainAct..., appium:appPackage: com.FourSidesTV.ott, appium:automationName: Uiautomator2, appium:databaseEnabled: false, appium:desired: {appActivity: com.FourSidesTV.ott.MainAct..., appPackage: com.FourSidesTV.ott, automationName: Uiautomator2, deviceName: Xiaomi 23028RN4DI API 33, platformName: ANDROID}, appium:deviceApiLevel: 33, appium:deviceManufacturer: Xiaomi, appium:deviceModel: 23028RN4DI, appium:deviceName: GQOR558XEMTOA6T8, appium:deviceScreenDensity: 320, appium:deviceScreenSize: 720x1600, appium:deviceUDID: GQOR558XEMTOA6T8, appium:javascriptEnabled: true, appium:locationContextEnabled: false, appium:networkConnectionEnabled: true, appium:pixelRatio: 2, appium:platformVersion: 13, appium:statBarHeight: 50, appium:takesScreenshot: true, appium:viewportRect: {height: 1550, left: 0, top: 50, width: 720}, appium:warnings: {}, appium:webStorageEnabled: false, platformName: ANDROID}
Element: [[AndroidDriver:  on ANDROID (b4898533-2273-45db-87ac-cfb2dae89f21)] -> xpath: //android.widget.ScrollView]
Session ID: b4898533-2273-45db-87ac-cfb2dae89f21
at org.openqa.selenium.remote.codec.w3c.W3CHttpResponseCodec.createException(W3CHttpResponseCodec.java:200)
at org.openqa.selenium.remote.codec.w3c.W3CHttpResponseCodec.decode(W3CHttpResponseCodec.java:133)
at org.openqa.selenium.remote.codec.w3c.W3CHttpResponseCodec.decode(W3CHttpResponseCodec.java:52)
at org.openqa.selenium.remote.HttpCommandExecutor.execute(HttpCommandExecutor.java:191)
at io.appium.java_client.remote.AppiumCommandExecutor.execute(AppiumCommandExecutor.java:262)
at org.openqa.selenium.remote.RemoteWebDriver.execute(RemoteWebDriver.java:518)
at org.openqa.selenium.remote.RemoteWebElement.execute(RemoteWebElement.java:224)
at org.openqa.selenium.remote.RemoteWebElement.isDisplayed(RemoteWebElement.java:280)
at Appium.Appium.Login.loginwithEmail(Login.java:225)
at java.base/java.util.ArrayList.forEach(ArrayList.java:1597)
... Removed 28 stack frames]]>
    </failure>
  </testcase> <!-- loginwithEmail -->
  <testcase classname="Appium.Appium.Login" name="LoginWithphoneNo" time="0.0">
    <ignored/>
  </testcase> <!-- LoginWithphoneNo -->
  <testcase classname="Appium.Appium.Login" name="loginInStuff" time="0.0">
    <ignored/>
  </testcase> <!-- loginInStuff -->
  <testcase classname="Appium.Appium.Login" name="Mystuff" time="0.0">
    <ignored/>
  </testcase> <!-- Mystuff -->
  <testcase classname="Appium.Appium.Login" name="wrongPhoneNumber" time="0.0">
    <ignored/>
  </testcase> <!-- wrongPhoneNumber -->
  <testcase classname="Appium.Appium.Login" name="login" time="0.0">
    <ignored/>
  </testcase> <!-- login -->
  <testcase classname="Appium.Appium.Login" name="loginwithrealtedvideo" time="0.0">
    <ignored/>
  </testcase> <!-- loginwithrealtedvideo -->
  <testcase classname="Appium.Appium.Login" name="verifywrongemailid" time="0.0">
    <ignored/>
  </testcase> <!-- verifywrongemailid -->
  <testcase classname="Appium.Appium.Login" name="loginInsearchBox" time="0.0">
    <ignored/>
  </testcase> <!-- loginInsearchBox -->
  <testcase classname="Appium.Appium.Login" name="clickonType" time="0.0">
    <ignored/>
  </testcase> <!-- clickonType -->
</testsuite> <!-- Login with mail -->
