<?xml version="1.0" encoding="UTF-8"?>
<!-- Generated by org.testng.reporters.JUnitXMLReporter -->
<testsuite ignored="9" hostname="UNVII" failures="1" tests="1" name="Login in the searchBox" time="43.884" errors="0" timestamp="2025-08-13T17:59:02 IST">
  <testcase classname="Appium.Appium.Login" name="loginInsearchBox" time="27.193">
    <failure type="org.openqa.selenium.TimeoutException" message="Expected condition failed: waiting for element to be clickable: By.xpath: //android.widget.FrameLayout[@resource-id=&amp;apos;android:id/content&amp;apos;]/android.widget.FrameLayout/android.view.View/android.view.View/android.view.View/android.view.View/android.view.View/android.view.View/android.view.View[3]/android.view.View/android.view.View/android.widget.ImageView[2] (tried for 20 second(s) with 500 milliseconds interval)
Build info: version: &amp;apos;4.11.0&amp;apos;, revision: &amp;apos;040bc5406b&amp;apos;
System info: os.name: &amp;apos;Windows 11&amp;apos;, os.arch: &amp;apos;amd64&amp;apos;, os.version: &amp;apos;10.0&amp;apos;, java.version: &amp;apos;22.0.2&amp;apos;
Driver info: io.appium.java_client.android.AndroidDriver
Capabilities {appium:appActivity: com.FourSidesTV.ott.MainAct..., appium:appPackage: com.FourSidesTV.ott, appium:automationName: Uiautomator2, appium:databaseEnabled: false, appium:desired: {appActivity: com.FourSidesTV.ott.MainAct..., appPackage: com.FourSidesTV.ott, automationName: Uiautomator2, deviceName: Xiaomi 23028RN4DI API 33, platformName: ANDROID}, appium:deviceApiLevel: 33, appium:deviceManufacturer: Xiaomi, appium:deviceModel: 23028RN4DI, appium:deviceName: GQOR558XEMTOA6T8, appium:deviceScreenDensity: 320, appium:deviceScreenSize: 720x1600, appium:deviceUDID: GQOR558XEMTOA6T8, appium:javascriptEnabled: true, appium:locationContextEnabled: false, appium:networkConnectionEnabled: true, appium:pixelRatio: 2, appium:platformVersion: 13, appium:statBarHeight: 50, appium:takesScreenshot: true, appium:viewportRect: {height: 1550, left: 0, top: 50, width: 720}, appium:warnings: {}, appium:webStorageEnabled: false, platformName: ANDROID}
Session ID: fa08612e-1240-449f-8c5c-1111ea1057bd">
      <![CDATA[org.openqa.selenium.TimeoutException: Expected condition failed: waiting for element to be clickable: By.xpath: //android.widget.FrameLayout[@resource-id='android:id/content']/android.widget.FrameLayout/android.view.View/android.view.View/android.view.View/android.view.View/android.view.View/android.view.View/android.view.View[3]/android.view.View/android.view.View/android.widget.ImageView[2] (tried for 20 second(s) with 500 milliseconds interval)
Build info: version: '4.11.0', revision: '040bc5406b'
System info: os.name: 'Windows 11', os.arch: 'amd64', os.version: '10.0', java.version: '22.0.2'
Driver info: io.appium.java_client.android.AndroidDriver
Capabilities {appium:appActivity: com.FourSidesTV.ott.MainAct..., appium:appPackage: com.FourSidesTV.ott, appium:automationName: Uiautomator2, appium:databaseEnabled: false, appium:desired: {appActivity: com.FourSidesTV.ott.MainAct..., appPackage: com.FourSidesTV.ott, automationName: Uiautomator2, deviceName: Xiaomi 23028RN4DI API 33, platformName: ANDROID}, appium:deviceApiLevel: 33, appium:deviceManufacturer: Xiaomi, appium:deviceModel: 23028RN4DI, appium:deviceName: GQOR558XEMTOA6T8, appium:deviceScreenDensity: 320, appium:deviceScreenSize: 720x1600, appium:deviceUDID: GQOR558XEMTOA6T8, appium:javascriptEnabled: true, appium:locationContextEnabled: false, appium:networkConnectionEnabled: true, appium:pixelRatio: 2, appium:platformVersion: 13, appium:statBarHeight: 50, appium:takesScreenshot: true, appium:viewportRect: {height: 1550, left: 0, top: 50, width: 720}, appium:warnings: {}, appium:webStorageEnabled: false, platformName: ANDROID}
Session ID: fa08612e-1240-449f-8c5c-1111ea1057bd
at org.openqa.selenium.support.ui.WebDriverWait.timeoutException(WebDriverWait.java:84)
at org.openqa.selenium.support.ui.FluentWait.until(FluentWait.java:230)
at Appium.Appium.Login.loginInsearchBox(Login.java:373)
at java.base/java.util.ArrayList.forEach(ArrayList.java:1597)
... Removed 25 stack frames]]>
    </failure>
  </testcase> <!-- loginInsearchBox -->
  <testcase classname="Appium.Appium.Login" name="loginInStuff" time="0.0">
    <ignored/>
  </testcase> <!-- loginInStuff -->
  <testcase classname="Appium.Appium.Login" name="LoginWithphoneNo" time="0.0">
    <ignored/>
  </testcase> <!-- LoginWithphoneNo -->
  <testcase classname="Appium.Appium.Login" name="Mystuff" time="0.0">
    <ignored/>
  </testcase> <!-- Mystuff -->
  <testcase classname="Appium.Appium.Login" name="loginwithEmail" time="0.0">
    <ignored/>
  </testcase> <!-- loginwithEmail -->
  <testcase classname="Appium.Appium.Login" name="clickonType" time="0.0">
    <ignored/>
  </testcase> <!-- clickonType -->
  <testcase classname="Appium.Appium.Login" name="loginwithrealtedvideo" time="0.0">
    <ignored/>
  </testcase> <!-- loginwithrealtedvideo -->
  <testcase classname="Appium.Appium.Login" name="wrongPhoneNumber" time="0.0">
    <ignored/>
  </testcase> <!-- wrongPhoneNumber -->
  <testcase classname="Appium.Appium.Login" name="verifywrongemailid" time="0.0">
    <ignored/>
  </testcase> <!-- verifywrongemailid -->
  <testcase classname="Appium.Appium.Login" name="login" time="0.0">
    <ignored/>
  </testcase> <!-- login -->
</testsuite> <!-- Login in the searchBox -->
