<?xml version="1.0" encoding="UTF-8"?>
<testng-results ignored="5" total="6" passed="1" failed="0" skipped="0">
  <reporter-output>
  </reporter-output>
  <suite started-at="2025-08-11T15:04:22 IST" name="Default suite" finished-at="2025-08-11T15:05:02 IST" duration-ms="39475">
    <groups>
    </groups>
    <test started-at="2025-08-11T15:04:22 IST" name="Default test" finished-at="2025-08-11T15:05:02 IST" duration-ms="39475">
      <class name="Appium.Appium.Testcase2">
        <test-method is-config="true" signature="startSession()[pri:0, instance:Appium.Appium.Testcase2@475c9c31]" started-at="2025-08-11T15:04:22 IST" name="startSession" finished-at="2025-08-11T15:04:39 IST" duration-ms="16463" status="PASS">
          <reporter-output>
          </reporter-output>
        </test-method> <!-- startSession -->
        <test-method signature="verifywrongemailid()[pri:0, instance:Appium.Appium.Testcase2@475c9c31]" started-at="2025-08-11T15:04:39 IST" name="verifywrongemailid" finished-at="2025-08-11T15:05:01 IST" duration-ms="21919" status="PASS">
          <reporter-output>
          </reporter-output>
        </test-method> <!-- verifywrongemailid -->
        <test-method is-config="true" signature="teardown()[pri:0, instance:Appium.Appium.Testcase2@475c9c31]" started-at="2025-08-11T15:05:01 IST" name="teardown" finished-at="2025-08-11T15:05:02 IST" duration-ms="1047" status="PASS">
          <reporter-output>
          </reporter-output>
        </test-method> <!-- teardown -->
      </class> <!-- Appium.Appium.Testcase2 -->
    </test> <!-- Default test -->
  </suite> <!-- Default suite -->
</testng-results>
